<?xml version="1.0" encoding="UTF-8"?>
<!-- Generated by org.testng.reporters.JUnitXMLReporter -->
<testsuite ignored="0" hostname="SHEETAL-EVA" failures="0" tests="3" name="Test" time="27.777" errors="0" timestamp="2023-07-11T12:17:05 IST">
  <testcase classname="com.db.testLayer.HomePageTest" name="verifyLogin" time="2.283"/>
  <testcase classname="com.db.testLayer.BuyFunctionalityTest" name="BuyProduct" time="8.144"/>
  <testcase classname="com.db.testLayer.BasicFunctionalityTest" name="listPrint" time="6.285"/>
</testsuite> <!-- Test -->
