<?xml version="1.0" encoding="UTF-8"?>
<testng-results ignored="0" total="2" passed="2" failed="0" skipped="0">
  <reporter-output>
  </reporter-output>
  <suite started-at="2023-07-10T22:07:25 IST" name="Suite" finished-at="2023-07-10T22:07:51 IST" duration-ms="26383">
    <groups>
    </groups>
    <test started-at="2023-07-10T22:07:25 IST" name="Test" finished-at="2023-07-10T22:07:51 IST" duration-ms="26383">
      <class name="com.db.testLayer.HomePageTest">
        <test-method is-config="true" signature="initBrowser()[pri:0, instance:com.db.testLayer.HomePageTest@4a668b6e]" started-at="2023-07-10T22:07:25 IST" name="initBrowser" finished-at="2023-07-10T22:07:33 IST" duration-ms="8108" status="PASS">
          <reporter-output>
          </reporter-output>
        </test-method> <!-- initBrowser -->
        <test-method signature="verifyLogin()[pri:0, instance:com.db.testLayer.HomePageTest@4a668b6e]" started-at="2023-07-10T22:07:33 IST" name="verifyLogin" finished-at="2023-07-10T22:07:36 IST" duration-ms="3215" status="PASS">
          <reporter-output>
          </reporter-output>
        </test-method> <!-- verifyLogin -->
        <test-method is-config="true" signature="tearDown()[pri:0, instance:com.db.testLayer.HomePageTest@4a668b6e]" started-at="2023-07-10T22:07:36 IST" name="tearDown" finished-at="2023-07-10T22:07:36 IST" duration-ms="221" status="PASS">
          <reporter-output>
          </reporter-output>
        </test-method> <!-- tearDown -->
      </class> <!-- com.db.testLayer.HomePageTest -->
      <class name="com.db.testLayer.BuyFunctionalityTest">
        <test-method is-config="true" signature="initBrowser()[pri:0, instance:com.db.testLayer.BuyFunctionalityTest@8317c52]" started-at="2023-07-10T22:07:36 IST" name="initBrowser" finished-at="2023-07-10T22:07:43 IST" duration-ms="6560" status="PASS">
          <reporter-output>
          </reporter-output>
        </test-method> <!-- initBrowser -->
        <test-method signature="BuyProduct()[pri:0, instance:com.db.testLayer.BuyFunctionalityTest@8317c52]" started-at="2023-07-10T22:07:43 IST" name="BuyProduct" finished-at="2023-07-10T22:07:51 IST" duration-ms="8039" status="PASS">
          <reporter-output>
          </reporter-output>
        </test-method> <!-- BuyProduct -->
        <test-method is-config="true" signature="tearDown()[pri:0, instance:com.db.testLayer.BuyFunctionalityTest@8317c52]" started-at="2023-07-10T22:07:51 IST" name="tearDown" finished-at="2023-07-10T22:07:51 IST" duration-ms="200" status="PASS">
          <reporter-output>
          </reporter-output>
        </test-method> <!-- tearDown -->
      </class> <!-- com.db.testLayer.BuyFunctionalityTest -->
    </test> <!-- Test -->
  </suite> <!-- Suite -->
</testng-results>
