<?xml version="1.0" encoding="UTF-8"?>
<testng-results ignored="0" total="1" passed="1" failed="0" skipped="0">
  <reporter-output>
  </reporter-output>
  <suite started-at="2023-07-09T19:37:03 IST" name="Suite" finished-at="2023-07-09T19:37:12 IST" duration-ms="9015">
    <groups>
    </groups>
    <test started-at="2023-07-09T19:37:03 IST" name="Test" finished-at="2023-07-09T19:37:12 IST" duration-ms="9015">
      <class name="com.db.testLayer.HomePageTest">
        <test-method is-config="true" signature="initBrowser()[pri:0, instance:com.db.testLayer.HomePageTest@1fb700ee]" started-at="2023-07-09T19:37:03 IST" name="initBrowser" finished-at="2023-07-09T19:37:09 IST" duration-ms="6495" status="PASS">
          <reporter-output>
          </reporter-output>
        </test-method> <!-- initBrowser -->
        <test-method signature="verifyLogin()[pri:0, instance:com.db.testLayer.HomePageTest@1fb700ee]" started-at="2023-07-09T19:37:09 IST" name="verifyLogin" finished-at="2023-07-09T19:37:12 IST" duration-ms="2479" status="PASS">
          <reporter-output>
          </reporter-output>
        </test-method> <!-- verifyLogin -->
        <test-method is-config="true" signature="tearDown()[pri:0, instance:com.db.testLayer.HomePageTest@1fb700ee]" started-at="2023-07-09T19:37:12 IST" name="tearDown" finished-at="2023-07-09T19:37:12 IST" duration-ms="0" status="PASS">
          <reporter-output>
          </reporter-output>
        </test-method> <!-- tearDown -->
      </class> <!-- com.db.testLayer.HomePageTest -->
    </test> <!-- Test -->
  </suite> <!-- Suite -->
</testng-results>
